<?xml version="1.0" encoding="UTF-8"?>
<!-- Generated by org.testng.reporters.JUnitReportReporter -->
<testsuite hostname="Tiger" failures="0" tests="3" name="testNG.DataProvider_Test" time="0.021" errors="0" timestamp="2022-10-14T12:25:45 IST" skipped="0">
  <testcase classname="testNG.DataProvider_Test" name="bookTicket" time="0.006"/>
  <system-out/>
  <testcase classname="testNG.DataProvider_Test" name="bookTicket" time="0.013"/>
  <system-out/>
  <testcase classname="testNG.DataProvider_Test" name="bookTicket" time="0.002"/>
  <system-out/>
</testsuite> <!-- testNG.DataProvider_Test -->
