<?xml version="1.0" encoding="UTF-8"?>
<!-- Generated by org.testng.reporters.JUnitReportReporter -->
<testsuite hostname="Tiger" failures="0" tests="4" name="testNG.Demo" time="0.018" errors="0" timestamp="2022-10-11T16:44:41 IST" skipped="0">
  <testcase classname="testNG.Demo" name="a" time="0.001"/>
  <system-out/>
  <testcase classname="testNG.Demo" name="demo1" time="0.001"/>
  <system-out/>
  <testcase classname="testNG.Demo" name="Demo2" time="0.002"/>
  <system-out/>
  <testcase classname="testNG.Demo" name="A" time="0.014"/>
  <system-out/>
</testsuite> <!-- testNG.Demo -->
