<?xml version="1.0" encoding="UTF-8"?>
<!-- Generated by org.testng.reporters.JUnitReportReporter -->
<testsuite hostname="Tiger" failures="0" tests="4" name="testNG.Excel_DataProvider" time="0.013" errors="0" timestamp="2022-10-14T12:56:41 IST" skipped="0">
  <testcase classname="testNG.Excel_DataProvider" name="data" time="0.002"/>
  <system-out/>
  <testcase classname="testNG.Excel_DataProvider" name="data" time="0.002"/>
  <system-out/>
  <testcase classname="testNG.Excel_DataProvider" name="data" time="0.001"/>
  <system-out/>
  <testcase classname="testNG.Excel_DataProvider" name="data" time="0.008"/>
  <system-out/>
</testsuite> <!-- testNG.Excel_DataProvider -->
