<?xml version="1.0" encoding="UTF-8"?>
<!-- Generated by org.testng.reporters.JUnitReportReporter -->
<testsuite hostname="Tiger" failures="0" tests="1" name="testNG.Amazon" time="13.078" errors="0" timestamp="2022-10-17T16:10:23 IST" skipped="0">
  <testcase classname="testNG.Amazon" name="createorganisation" time="13.078"/>
  <system-out/>
</testsuite> <!-- testNG.Amazon -->
