<?xml version="1.0" encoding="UTF-8"?>
<!-- Generated by org.testng.reporters.JUnitReportReporter -->
<testsuite hostname="Tiger" failures="0" tests="3" name="testNG.groupsflag2" time="0.006" errors="0" timestamp="2022-10-17T10:01:04 IST" skipped="0">
  <testcase classname="testNG.groupsflag2" name="regression" time="0.001"/>
  <system-out/>
  <testcase classname="testNG.groupsflag2" name="integration" time="0.003"/>
  <system-out/>
  <testcase classname="testNG.groupsflag2" name="smoke" time="0.002"/>
  <system-out/>
</testsuite> <!-- testNG.groupsflag2 -->
