<?xml version="1.0" encoding="UTF-8"?>
<!-- Generated by org.testng.reporters.JUnitReportReporter -->
<testsuite hostname="Tiger" failures="0" tests="1" name="com.crm.Vtiger.testcases3.OrgNameValidateBCPOMTest" time="17.580" errors="0" timestamp="2022-10-21T22:43:32 IST" skipped="0">
  <testcase classname="com.crm.Vtiger.testcases3.OrgNameValidateBCPOMTest" name="OrgNameValidateBCPOM" time="17.580"/>
  <system-out/>
</testsuite> <!-- com.crm.Vtiger.testcases3.OrgNameValidateBCPOMTest -->
