<?xml version="1.0" encoding="UTF-8"?>
<!-- Generated by org.testng.reporters.JUnitReportReporter -->
<testsuite hostname="Tiger" failures="0" tests="1" name="com.crm.Vtiger.testcases3.LeadsBCPOMTest" time="13.130" errors="0" timestamp="2022-10-21T22:45:03 IST" skipped="0">
  <testcase classname="com.crm.Vtiger.testcases3.LeadsBCPOMTest" name="LeadsBCPOM" time="13.130"/>
  <system-out/>
</testsuite> <!-- com.crm.Vtiger.testcases3.LeadsBCPOMTest -->
