<?xml version="1.0" encoding="UTF-8"?>
<!-- Generated by org.testng.reporters.JUnitReportReporter -->
<testsuite hostname="Tiger" failures="0" tests="1" name="com.crm.Vtiger.testcases3.ContactBCPOMTest" time="12.430" errors="0" timestamp="2022-10-22T12:23:19 IST" skipped="0">
  <testcase classname="com.crm.Vtiger.testcases3.ContactBCPOMTest" name="ContactBCPOM" time="12.430"/>
  <system-out/>
</testsuite> <!-- com.crm.Vtiger.testcases3.ContactBCPOMTest -->
