<?xml version="1.0" encoding="UTF-8"?>
<!-- Generated by org.testng.reporters.JUnitReportReporter -->
<testsuite hostname="Tiger" failures="0" tests="3" name="testNG.groupsflag" time="0.017" errors="0" timestamp="2022-10-17T10:01:04 IST" skipped="0">
  <testcase classname="testNG.groupsflag" name="smoke" time="0.001"/>
  <system-out/>
  <testcase classname="testNG.groupsflag" name="integration" time="0.015"/>
  <system-out/>
  <testcase classname="testNG.groupsflag" name="regression" time="0.001"/>
  <system-out/>
</testsuite> <!-- testNG.groupsflag -->
