<?xml version="1.0" encoding="UTF-8"?>
<!-- Generated by org.testng.reporters.JUnitReportReporter -->
<testsuite hostname="Tiger" failures="0" tests="1" name="testNG.Parameter" time="5.377" errors="0" timestamp="2022-10-17T10:56:24 IST" skipped="0">
  <testcase classname="testNG.Parameter" name="parame" time="5.377"/>
  <system-out/>
</testsuite> <!-- testNG.Parameter -->
