<?xml version="1.0" encoding="UTF-8"?>
<!-- Generated by org.testng.reporters.JUnitReportReporter -->
<testsuite hostname="Tiger" failures="0" tests="2" name="testNG.Sample" time="0.012" errors="0" timestamp="2022-10-11T13:35:40 IST" skipped="0">
  <testcase classname="testNG.Sample" name="Sample2" time="0.003"/>
  <system-out/>
  <testcase classname="testNG.Sample" name="Sample1" time="0.009"/>
  <system-out/>
</testsuite> <!-- testNG.Sample -->
