<?xml version="1.0" encoding="UTF-8"?>
<!-- Generated by org.testng.reporters.JUnitReportReporter -->
<testsuite hostname="Tiger" failures="0" tests="1" name="testNG.ExtentReport" time="8.454" errors="0" timestamp="2022-11-01T15:52:04 IST" skipped="0">
  <testcase classname="testNG.ExtentReport" name="createReports" time="8.454"/>
  <system-out/>
</testsuite> <!-- testNG.ExtentReport -->
